<?xml version="1.0" encoding="UTF-8"?>
<!-- Generated by org.testng.reporters.JUnitXMLReporter -->
<testsuite hostname="LAPTOP-7HG9TAKN" failures="0" tests="2" name="Command line test" time="0.118" errors="0" timestamp="16 Feb 2022 05:00:44 GMT">
  <testcase classname="y.JsInteractionTest" name="@BeforeMethod initializeJSEngine" time="0.0">
    <failure type="java.lang.NullPointerException" message="Cannot invoke &amp;quot;javax.script.ScriptEngine.eval(String)&amp;quot; because &amp;quot;this.eng&amp;quot; is null">
      <![CDATA[java.lang.NullPointerException: Cannot invoke "javax.script.ScriptEngine.eval(String)" because "this.eng" is null
	at net.java.html.boot.script.ScriptPresenter.<init>(ScriptPresenter.java:84)
	at net.java.html.boot.script.Scripts.createPresenter(Scripts.java:101)
	at y.JsInteractionTest.initializeJSEngine(JsInteractionTest.java:20)
	at org.apache.maven.surefire.testng.TestNGExecutor.run(TestNGExecutor.java:77)
	at org.apache.maven.surefire.testng.TestNGDirectoryTestSuite.executeMulti(TestNGDirectoryTestSuite.java:159)
	at org.apache.maven.surefire.testng.TestNGDirectoryTestSuite.execute(TestNGDirectoryTestSuite.java:99)
	at org.apache.maven.surefire.testng.TestNGProvider.invoke(TestNGProvider.java:106)
	at org.apache.maven.surefire.util.ReflectionUtils.invokeMethodWithArray(ReflectionUtils.java:189)
	at org.apache.maven.surefire.booter.ProviderFactory$ProviderProxy.invoke(ProviderFactory.java:165)
	at org.apache.maven.surefire.booter.ProviderFactory.invokeProvider(ProviderFactory.java:85)
	at org.apache.maven.surefire.booter.ForkedBooter.runSuitesInProcess(ForkedBooter.java:115)
	at org.apache.maven.surefire.booter.ForkedBooter.main(ForkedBooter.java:75)
... Removed 27 stack frames]]>
    </failure>
  </testcase> <!-- @BeforeMethod initializeJSEngine -->
  <testcase classname="y.JsInteractionTest" name="@AfterMethod shutdownJSEngine" time="0.0">
    <skipped/>
  </testcase> <!-- @AfterMethod shutdownJSEngine -->
  <testcase classname="y.DataModelTest" name="areHelloWorldTwoWords" time="0.048"/>
  <testcase classname="y.JsInteractionTest" name="testCallbackFromJavaScript" time="0.0">
    <skipped/>
  </testcase> <!-- testCallbackFromJavaScript -->
</testsuite> <!-- Command line test -->
