<?xml version="1.0" encoding="UTF-8" ?>
<testsuite tests="4" failures="1" name="TestSuite" time="0.151" errors="0" skipped="2">
  <properties>
[...]
</properties>
  <testcase classname="y.DataModelTest" name="areHelloWorldTwoWords" time="0.049"/>
  <testcase classname="y.JsInteractionTest" name="initializeJSEngine" time="0.102">
    <failure message="Cannot invoke &quot;javax.script.ScriptEngine.eval(String)&quot; because &quot;this.eng&quot; is null" type="java.lang.NullPointerException">java.lang.NullPointerException: Cannot invoke &quot;javax.script.ScriptEngine.eval(String)&quot; because &quot;this.eng&quot; is null
	at net.java.html.boot.script.ScriptPresenter.&lt;init&gt;(ScriptPresenter.java:84)
	at net.java.html.boot.script.Scripts.createPresenter(Scripts.java:101)
	at y.JsInteractionTest.initializeJSEngine(JsInteractionTest.java:20)
</failure>
  </testcase>
  <testcase classname="y.JsInteractionTest" name="testCallbackFromJavaScript" time="0">
    <skipped/>
  </testcase>
  <testcase classname="y.JsInteractionTest" name="shutdownJSEngine" time="0">
    <skipped/>
  </testcase>
</testsuite>